0 info it worked if it ends with ok
1 verbose cli [ '/home/dan/.nvm/versions/node/v5.4.1/bin/node',
1 verbose cli   '/home/dan/.nvm/versions/node/v5.4.1/bin/npm',
1 verbose cli   'run',
1 verbose cli   'dev:client' ]
2 info using npm@3.3.12
3 info using node@v5.4.1
4 verbose run-script [ 'predev:client', 'dev:client', 'postdev:client' ]
5 info lifecycle antibody@0.0.1~predev:client: antibody@0.0.1
6 silly lifecycle antibody@0.0.1~predev:client: no script for predev:client, continuing
7 info lifecycle antibody@0.0.1~dev:client: antibody@0.0.1
8 verbose lifecycle antibody@0.0.1~dev:client: unsafe-perm in lifecycle true
9 verbose lifecycle antibody@0.0.1~dev:client: PATH: /home/dan/.nvm/versions/node/v5.4.1/lib/node_modules/npm/bin/node-gyp-bin:/home/dan/Projects/antibody/node_modules/.bin:/home/dan/.nvm/versions/node/v5.4.1/bin:/usr/local/heroku/bin:/home/dan/bin:/home/dan/npm/bin:/home/dan/.gem/ruby/1.9.1/bin:/bin:/home/dan/.rvm/gems/ruby-2.2.1/bin:/home/dan/.rvm/gems/ruby-2.2.1@global/bin:/home/dan/.rvm/rubies/ruby-2.2.1/bin:/home/dan/bin:/usr/local/sbin:/usr/local/bin:/usr/sbin:/usr/bin:/sbin:/bin:/usr/games:/usr/local/games:/home/dan/.rvm/bin:/home/dan/.rvm/bin:/home/dan/Demos/dcos/bin:/home/dan/Demos/dcos-wapp/dcos/bin
10 verbose lifecycle antibody@0.0.1~dev:client: CWD: /home/dan/Projects/antibody
11 silly lifecycle antibody@0.0.1~dev:client: Args: [ '-c', 'webpack -w' ]
12 silly lifecycle antibody@0.0.1~dev:client: Returned: code: 1  signal: null
13 info lifecycle antibody@0.0.1~dev:client: Failed to exec dev:client script
14 verbose stack Error: antibody@0.0.1 dev:client: `webpack -w`
14 verbose stack Exit status 1
14 verbose stack     at EventEmitter.<anonymous> (/home/dan/.nvm/versions/node/v5.4.1/lib/node_modules/npm/lib/utils/lifecycle.js:232:16)
14 verbose stack     at emitTwo (events.js:87:13)
14 verbose stack     at EventEmitter.emit (events.js:172:7)
14 verbose stack     at ChildProcess.<anonymous> (/home/dan/.nvm/versions/node/v5.4.1/lib/node_modules/npm/lib/utils/spawn.js:24:14)
14 verbose stack     at emitTwo (events.js:87:13)
14 verbose stack     at ChildProcess.emit (events.js:172:7)
14 verbose stack     at maybeClose (internal/child_process.js:821:16)
14 verbose stack     at Process.ChildProcess._handle.onexit (internal/child_process.js:211:5)
15 verbose pkgid antibody@0.0.1
16 verbose cwd /home/dan/Projects/antibody
17 error Linux 3.13.0-46-generic
18 error argv "/home/dan/.nvm/versions/node/v5.4.1/bin/node" "/home/dan/.nvm/versions/node/v5.4.1/bin/npm" "run" "dev:client"
19 error node v5.4.1
20 error npm  v3.3.12
21 error code ELIFECYCLE
22 error antibody@0.0.1 dev:client: `webpack -w`
22 error Exit status 1
23 error Failed at the antibody@0.0.1 dev:client script 'webpack -w'.
23 error Make sure you have the latest version of node.js and npm installed.
23 error If you do, this is most likely a problem with the antibody package,
23 error not with npm itself.
23 error Tell the author that this fails on your system:
23 error     webpack -w
23 error You can get their info via:
23 error     npm owner ls antibody
23 error There is likely additional logging output above.
24 verbose exit [ 1, true ]
